This file contains any messages produced by compilers while
running configure, to aid debugging if configure makes a mistake.

It was created by stygmorgan configure 0.29.1, which was
generated by GNU Autoconf 2.69.  Invocation command line was

  $ ./configure 

## --------- ##
## Platform. ##
## --------- ##

hostname = p4
uname -m = i686
uname -r = 3.3.7
uname -s = Linux
uname -v = #1 SMP PREEMPT Fri Jun 1 13:29:58 WEST 2012

/usr/bin/uname -p = unknown
/bin/uname -X     = unknown

/bin/arch              = unknown
/usr/bin/arch -k       = unknown
/usr/convex/getsysinfo = unknown
/usr/bin/hostinfo      = unknown
/bin/machine           = unknown
/usr/bin/oslevel       = unknown
/bin/universe          = unknown

PATH: /usr/local/bin
PATH: /usr/bin
PATH: /bin
PATH: /usr/local/games
PATH: /usr/games


## ----------- ##
## Core tests. ##
## ----------- ##

configure:2230: checking for a BSD-compatible install
configure:2298: result: /usr/bin/install -c
configure:2309: checking whether build environment is sane
configure:2346: result: yes
configure:2473: checking for a thread-safe mkdir -p
configure:2512: result: /bin/mkdir -p
configure:2525: checking for gawk
configure:2541: found /usr/bin/gawk
configure:2552: result: gawk
configure:2563: checking whether make sets $(MAKE)
configure:2585: result: yes
configure:2724: checking for g++
configure:2740: found /usr/bin/g++
configure:2751: result: g++
configure:2778: checking for C++ compiler version
configure:2787: g++ --version >&5
g++ (Debian 4.7.1-5) 4.7.1
Copyright (C) 2012 Free Software Foundation, Inc.
This is free software; see the source for copying conditions.  There is NO
warranty; not even for MERCHANTABILITY or FITNESS FOR A PARTICULAR PURPOSE.

configure:2798: $? = 0
configure:2787: g++ -v >&5
Using built-in specs.
COLLECT_GCC=g++
COLLECT_LTO_WRAPPER=/usr/lib/gcc/i486-linux-gnu/4.7/lto-wrapper
Target: i486-linux-gnu
Configured with: ../src/configure -v --with-pkgversion='Debian 4.7.1-5' --with-bugurl=file:///usr/share/doc/gcc-4.7/README.Bugs --enable-languages=c,c++,go,fortran,objc,obj-c++ --prefix=/usr --program-suffix=-4.7 --enable-shared --enable-linker-build-id --with-system-zlib --libexecdir=/usr/lib --without-included-gettext --enable-threads=posix --with-gxx-include-dir=/usr/include/c++/4.7 --libdir=/usr/lib --enable-nls --with-sysroot=/ --enable-clocale=gnu --enable-libstdcxx-debug --enable-libstdcxx-time=yes --enable-gnu-unique-object --enable-plugin --enable-objc-gc --enable-targets=all --with-arch-32=i586 --with-tune=generic --enable-checking=release --build=i486-linux-gnu --host=i486-linux-gnu --target=i486-linux-gnu
Thread model: posix
gcc version 4.7.1 (Debian 4.7.1-5) 
configure:2798: $? = 0
configure:2787: g++ -V >&5
g++: error: unrecognized command line option '-V'
g++: fatal error: no input files
compilation terminated.
configure:2798: $? = 4
configure:2787: g++ -qversion >&5
g++: error: unrecognized command line option '-qversion'
g++: fatal error: no input files
compilation terminated.
configure:2798: $? = 4
configure:2818: checking whether the C++ compiler works
configure:2840: g++    conftest.cpp  >&5
configure:2844: $? = 0
configure:2892: result: yes
configure:2895: checking for C++ compiler default output file name
configure:2897: result: a.out
configure:2903: checking for suffix of executables
configure:2910: g++ -o conftest    conftest.cpp  >&5
configure:2914: $? = 0
configure:2936: result: 
configure:2958: checking whether we are cross compiling
configure:2966: g++ -o conftest    conftest.cpp  >&5
configure:2970: $? = 0
configure:2977: ./conftest
configure:2981: $? = 0
configure:2996: result: no
configure:3001: checking for suffix of object files
configure:3023: g++ -c   conftest.cpp >&5
configure:3027: $? = 0
configure:3048: result: o
configure:3052: checking whether we are using the GNU C++ compiler
configure:3071: g++ -c   conftest.cpp >&5
configure:3071: $? = 0
configure:3080: result: yes
configure:3089: checking whether g++ accepts -g
configure:3109: g++ -c -g  conftest.cpp >&5
configure:3109: $? = 0
configure:3150: result: yes
configure:3184: checking for style of include used by make
configure:3212: result: GNU
configure:3237: checking dependency style of g++
configure:3347: result: gcc3
configure:3410: checking for gcc
configure:3426: found /usr/bin/gcc
configure:3437: result: gcc
configure:3666: checking for C compiler version
configure:3675: gcc --version >&5
gcc (Debian 4.7.1-5) 4.7.1
Copyright (C) 2012 Free Software Foundation, Inc.
This is free software; see the source for copying conditions.  There is NO
warranty; not even for MERCHANTABILITY or FITNESS FOR A PARTICULAR PURPOSE.

configure:3686: $? = 0
configure:3675: gcc -v >&5
Using built-in specs.
COLLECT_GCC=gcc
COLLECT_LTO_WRAPPER=/usr/lib/gcc/i486-linux-gnu/4.7/lto-wrapper
Target: i486-linux-gnu
Configured with: ../src/configure -v --with-pkgversion='Debian 4.7.1-5' --with-bugurl=file:///usr/share/doc/gcc-4.7/README.Bugs --enable-languages=c,c++,go,fortran,objc,obj-c++ --prefix=/usr --program-suffix=-4.7 --enable-shared --enable-linker-build-id --with-system-zlib --libexecdir=/usr/lib --without-included-gettext --enable-threads=posix --with-gxx-include-dir=/usr/include/c++/4.7 --libdir=/usr/lib --enable-nls --with-sysroot=/ --enable-clocale=gnu --enable-libstdcxx-debug --enable-libstdcxx-time=yes --enable-gnu-unique-object --enable-plugin --enable-objc-gc --enable-targets=all --with-arch-32=i586 --with-tune=generic --enable-checking=release --build=i486-linux-gnu --host=i486-linux-gnu --target=i486-linux-gnu
Thread model: posix
gcc version 4.7.1 (Debian 4.7.1-5) 
configure:3686: $? = 0
configure:3675: gcc -V >&5
gcc: error: unrecognized command line option '-V'
gcc: fatal error: no input files
compilation terminated.
configure:3686: $? = 4
configure:3675: gcc -qversion >&5
gcc: error: unrecognized command line option '-qversion'
gcc: fatal error: no input files
compilation terminated.
configure:3686: $? = 4
configure:3690: checking whether we are using the GNU C compiler
configure:3709: gcc -c   conftest.c >&5
configure:3709: $? = 0
configure:3718: result: yes
configure:3727: checking whether gcc accepts -g
configure:3747: gcc -c -g  conftest.c >&5
configure:3747: $? = 0
configure:3788: result: yes
configure:3805: checking for gcc option to accept ISO C89
configure:3868: gcc  -c -g -O2  conftest.c >&5
configure:3868: $? = 0
configure:3881: result: none needed
configure:3903: checking dependency style of gcc
configure:4013: result: gcc3
configure:4028: checking whether make sets $(MAKE)
configure:4050: result: yes
configure:4060: checking for an ANSI C-conforming const
configure:4126: gcc -c -g -O2  conftest.c >&5
configure:4126: $? = 0
configure:4133: result: yes
configure:4141: checking for inline
configure:4157: gcc -c -g -O2  conftest.c >&5
configure:4157: $? = 0
configure:4165: result: inline
configure:4188: checking how to run the C preprocessor
configure:4219: gcc -E  conftest.c
configure:4219: $? = 0
configure:4233: gcc -E  conftest.c
conftest.c:11:28: fatal error: ac_nonexistent.h: No such file or directory
compilation terminated.
configure:4233: $? = 1
configure: failed program was:
| /* confdefs.h */
| #define PACKAGE_NAME "stygmorgan"
| #define PACKAGE_TARNAME "stygmorgan"
| #define PACKAGE_VERSION "0.29.1"
| #define PACKAGE_STRING "stygmorgan 0.29.1"
| #define PACKAGE_BUGREPORT "holborn@telefonica.net"
| #define PACKAGE_URL ""
| #define PACKAGE "stygmorgan"
| #define VERSION "0.29.1"
| /* end confdefs.h.  */
| #include <ac_nonexistent.h>
configure:4258: result: gcc -E
configure:4278: gcc -E  conftest.c
configure:4278: $? = 0
configure:4292: gcc -E  conftest.c
conftest.c:11:28: fatal error: ac_nonexistent.h: No such file or directory
compilation terminated.
configure:4292: $? = 1
configure: failed program was:
| /* confdefs.h */
| #define PACKAGE_NAME "stygmorgan"
| #define PACKAGE_TARNAME "stygmorgan"
| #define PACKAGE_VERSION "0.29.1"
| #define PACKAGE_STRING "stygmorgan 0.29.1"
| #define PACKAGE_BUGREPORT "holborn@telefonica.net"
| #define PACKAGE_URL ""
| #define PACKAGE "stygmorgan"
| #define VERSION "0.29.1"
| /* end confdefs.h.  */
| #include <ac_nonexistent.h>
configure:4321: checking for grep that handles long lines and -e
configure:4379: result: /bin/grep
configure:4384: checking for egrep
configure:4446: result: /bin/grep -E
configure:4451: checking for ANSI C header files
configure:4471: gcc -c -g -O2  conftest.c >&5
configure:4471: $? = 0
configure:4544: gcc -o conftest -g -O2   conftest.c  >&5
configure:4544: $? = 0
configure:4544: ./conftest
configure:4544: $? = 0
configure:4555: result: yes
configure:4568: checking for sys/types.h
configure:4568: gcc -c -g -O2  conftest.c >&5
configure:4568: $? = 0
configure:4568: result: yes
configure:4568: checking for sys/stat.h
configure:4568: gcc -c -g -O2  conftest.c >&5
configure:4568: $? = 0
configure:4568: result: yes
configure:4568: checking for stdlib.h
configure:4568: gcc -c -g -O2  conftest.c >&5
configure:4568: $? = 0
configure:4568: result: yes
configure:4568: checking for string.h
configure:4568: gcc -c -g -O2  conftest.c >&5
configure:4568: $? = 0
configure:4568: result: yes
configure:4568: checking for memory.h
configure:4568: gcc -c -g -O2  conftest.c >&5
configure:4568: $? = 0
configure:4568: result: yes
configure:4568: checking for strings.h
configure:4568: gcc -c -g -O2  conftest.c >&5
configure:4568: $? = 0
configure:4568: result: yes
configure:4568: checking for inttypes.h
configure:4568: gcc -c -g -O2  conftest.c >&5
configure:4568: $? = 0
configure:4568: result: yes
configure:4568: checking for stdint.h
configure:4568: gcc -c -g -O2  conftest.c >&5
configure:4568: $? = 0
configure:4568: result: yes
configure:4568: checking for unistd.h
configure:4568: gcc -c -g -O2  conftest.c >&5
configure:4568: $? = 0
configure:4568: result: yes
configure:4583: checking sys/select.h usability
configure:4583: gcc -c -g -O2  conftest.c >&5
configure:4583: $? = 0
configure:4583: result: yes
configure:4583: checking sys/select.h presence
configure:4583: gcc -E  conftest.c
configure:4583: $? = 0
configure:4583: result: yes
configure:4583: checking for sys/select.h
configure:4583: result: yes
configure:4583: checking sys/socket.h usability
configure:4583: gcc -c -g -O2  conftest.c >&5
configure:4583: $? = 0
configure:4583: result: yes
configure:4583: checking sys/socket.h presence
configure:4583: gcc -E  conftest.c
configure:4583: $? = 0
configure:4583: result: yes
configure:4583: checking for sys/socket.h
configure:4583: result: yes
configure:4593: checking types of arguments for select
configure:4621: gcc -c -g -O2  conftest.c >&5
configure:4621: $? = 0
configure:4632: result: int,fd_set *,struct timeval *
configure:4658: checking for bzero
configure:4658: gcc -o conftest -g -O2   conftest.c  >&5
conftest.c:49:6: warning: conflicting types for built-in function 'bzero' [enabled by default]
configure:4658: $? = 0
configure:4658: result: yes
configure:4658: checking for memset
configure:4658: gcc -o conftest -g -O2   conftest.c  >&5
conftest.c:50:6: warning: conflicting types for built-in function 'memset' [enabled by default]
configure:4658: $? = 0
configure:4658: result: yes
configure:4658: checking for select
configure:4658: gcc -o conftest -g -O2   conftest.c  >&5
configure:4658: $? = 0
configure:4658: result: yes
configure:4658: checking for strdup
configure:4658: gcc -o conftest -g -O2   conftest.c  >&5
conftest.c:52:6: warning: conflicting types for built-in function 'strdup' [enabled by default]
configure:4658: $? = 0
configure:4658: result: yes
configure:4658: checking for strstr
configure:4658: gcc -o conftest -g -O2   conftest.c  >&5
conftest.c:53:6: warning: conflicting types for built-in function 'strstr' [enabled by default]
configure:4658: $? = 0
configure:4658: result: yes
configure:4682: checking for unistd.h
configure:4682: result: yes
configure:4692: checking alsa/asoundlib.h usability
configure:4692: gcc -c -g -O2  conftest.c >&5
configure:4692: $? = 0
configure:4692: result: yes
configure:4692: checking alsa/asoundlib.h presence
configure:4692: gcc -E  conftest.c
configure:4692: $? = 0
configure:4692: result: yes
configure:4692: checking for alsa/asoundlib.h
configure:4692: result: yes
configure:4702: checking for fltk-config
configure:4720: found /usr/bin/fltk-config
configure:4733: result: /usr/bin/fltk-config
configure:4746: checking for aconnect
configure:4762: found /usr/bin/aconnect
configure:4773: result: aconnect
configure:4787: checking for main in -lXft
configure:4806: gcc -o conftest -g -O2   conftest.c -lXft  -L/usr/lib/i386-linux-gnu -lfltk_images -lfltk -lasound -lXpm >&5
configure:4806: $? = 0
configure:4815: result: yes
configure:4826: checking for main in -lXrender
configure:4845: gcc -o conftest -g -O2   conftest.c -lXrender  -lXft -L/usr/lib/i386-linux-gnu -lfltk_images -lfltk -lasound -lXpm >&5
configure:4845: $? = 0
configure:4854: result: yes
configure:4865: checking for main in -lasound
configure:4884: gcc -o conftest -g -O2   conftest.c -lasound  -lXrender -lXft -L/usr/lib/i386-linux-gnu -lfltk_images -lfltk -lasound -lXpm >&5
configure:4884: $? = 0
configure:4893: result: yes
configure:4904: checking for main in -ldl
configure:4923: gcc -o conftest -g -O2   conftest.c -ldl  -lasound -lXrender -lXft -L/usr/lib/i386-linux-gnu -lfltk_images -lfltk -lasound -lXpm >&5
configure:4923: $? = 0
configure:4932: result: yes
configure:4943: checking for main in -lfltk
configure:4962: gcc -o conftest -g -O2   conftest.c -lfltk  -ldl -lasound -lXrender -lXft -L/usr/lib/i386-linux-gnu -lfltk_images -lfltk -lasound -lXpm >&5
configure:4962: $? = 0
configure:4971: result: yes
configure:4982: checking for main in -lfontconfig
configure:5001: gcc -o conftest -g -O2   conftest.c -lfontconfig  -lfltk -ldl -lasound -lXrender -lXft -L/usr/lib/i386-linux-gnu -lfltk_images -lfltk -lasound -lXpm >&5
configure:5001: $? = 0
configure:5010: result: yes
configure:5021: checking for main in -lfreetype
configure:5040: gcc -o conftest -g -O2   conftest.c -lfreetype  -lfontconfig -lfltk -ldl -lasound -lXrender -lXft -L/usr/lib/i386-linux-gnu -lfltk_images -lfltk -lasound -lXpm >&5
configure:5040: $? = 0
configure:5049: result: yes
configure:5060: checking for main in -lXpm
configure:5079: gcc -o conftest -g -O2   conftest.c -lXpm  -lfreetype -lfontconfig -lfltk -ldl -lasound -lXrender -lXft -L/usr/lib/i386-linux-gnu -lfltk_images -lfltk -lasound -lXpm >&5
configure:5079: $? = 0
configure:5088: result: yes
configure:5253: creating ./config.status

## ---------------------- ##
## Running config.status. ##
## ---------------------- ##

This file was extended by stygmorgan config.status 0.29.1, which was
generated by GNU Autoconf 2.69.  Invocation command line was

  CONFIG_FILES    = 
  CONFIG_HEADERS  = 
  CONFIG_LINKS    = 
  CONFIG_COMMANDS = 
  $ ./config.status 

on p4

config.status:884: creating Makefile
config.status:884: creating src/Makefile
config.status:884: creating data/Makefile
config.status:884: creating doc/Makefile
config.status:884: creating doc/html/Makefile
config.status:884: creating doc/examples/Makefile
config.status:884: creating doc/DSPeffects/Makefile
config.status:884: creating src/config.h
config.status:1113: executing depfiles commands

## ---------------- ##
## Cache variables. ##
## ---------------- ##

ac_cv_c_compiler_gnu=yes
ac_cv_c_const=yes
ac_cv_c_inline=inline
ac_cv_cxx_compiler_gnu=yes
ac_cv_env_CCC_set=
ac_cv_env_CCC_value=
ac_cv_env_CC_set=
ac_cv_env_CC_value=
ac_cv_env_CFLAGS_set=
ac_cv_env_CFLAGS_value=
ac_cv_env_CPPFLAGS_set=
ac_cv_env_CPPFLAGS_value=
ac_cv_env_CPP_set=
ac_cv_env_CPP_value=
ac_cv_env_CXXFLAGS_set=
ac_cv_env_CXXFLAGS_value=
ac_cv_env_CXX_set=
ac_cv_env_CXX_value=
ac_cv_env_LDFLAGS_set=
ac_cv_env_LDFLAGS_value=
ac_cv_env_LIBS_set=
ac_cv_env_LIBS_value=
ac_cv_env_build_alias_set=
ac_cv_env_build_alias_value=
ac_cv_env_host_alias_set=
ac_cv_env_host_alias_value=
ac_cv_env_target_alias_set=
ac_cv_env_target_alias_value=
ac_cv_func_bzero=yes
ac_cv_func_memset=yes
ac_cv_func_select=yes
ac_cv_func_select_args='int,fd_set *,struct timeval *'
ac_cv_func_strdup=yes
ac_cv_func_strstr=yes
ac_cv_header_alsa_asoundlib_h=yes
ac_cv_header_inttypes_h=yes
ac_cv_header_memory_h=yes
ac_cv_header_stdc=yes
ac_cv_header_stdint_h=yes
ac_cv_header_stdlib_h=yes
ac_cv_header_string_h=yes
ac_cv_header_strings_h=yes
ac_cv_header_sys_select_h=yes
ac_cv_header_sys_socket_h=yes
ac_cv_header_sys_stat_h=yes
ac_cv_header_sys_types_h=yes
ac_cv_header_unistd_h=yes
ac_cv_lib_Xft_main=yes
ac_cv_lib_Xpm_main=yes
ac_cv_lib_Xrender_main=yes
ac_cv_lib_asound_main=yes
ac_cv_lib_dl_main=yes
ac_cv_lib_fltk_main=yes
ac_cv_lib_fontconfig_main=yes
ac_cv_lib_freetype_main=yes
ac_cv_objext=o
ac_cv_path_EGREP='/bin/grep -E'
ac_cv_path_FLTK_CONFIG=/usr/bin/fltk-config
ac_cv_path_GREP=/bin/grep
ac_cv_path_install='/usr/bin/install -c'
ac_cv_path_mkdir=/bin/mkdir
ac_cv_prog_ACONNECT=aconnect
ac_cv_prog_AWK=gawk
ac_cv_prog_CPP='gcc -E'
ac_cv_prog_ac_ct_CC=gcc
ac_cv_prog_ac_ct_CXX=g++
ac_cv_prog_cc_c89=
ac_cv_prog_cc_g=yes
ac_cv_prog_cxx_g=yes
ac_cv_prog_make_make_set=yes
am_cv_CC_dependencies_compiler_type=gcc3
am_cv_CXX_dependencies_compiler_type=gcc3

## ----------------- ##
## Output variables. ##
## ----------------- ##

ACLOCAL='${SHELL} /home/holborn/cvs-stygmorgan/stygmorgan/missing --run aclocal-1.10'
ACONNECT='aconnect'
AMDEPBACKSLASH='\'
AMDEP_FALSE='#'
AMDEP_TRUE=''
AMTAR='${SHELL} /home/holborn/cvs-stygmorgan/stygmorgan/missing --run tar'
AUTOCONF='${SHELL} /home/holborn/cvs-stygmorgan/stygmorgan/missing --run autoconf'
AUTOHEADER='${SHELL} /home/holborn/cvs-stygmorgan/stygmorgan/missing --run autoheader'
AUTOMAKE='${SHELL} /home/holborn/cvs-stygmorgan/stygmorgan/missing --run automake-1.10'
AWK='gawk'
CC='gcc'
CCDEPMODE='depmode=gcc3'
CFLAGS='-g -O2'
CPP='gcc -E'
CPPFLAGS=''
CXX='g++'
CXXDEPMODE='depmode=gcc3'
CXXFLAGS='-O2 -Wall   -I/usr/include/cairo -I/usr/include/glib-2.0 -I/usr/lib/i386-linux-gnu/glib-2.0/include -I/usr/include/pixman-1 -I/usr/include/freetype2 -I/usr/include/libpng12   -I/usr/include/freetype2 -I/usr/include/cairo -I/usr/include/glib-2.0 -I/usr/lib/i386-linux-gnu/glib-2.0/include -I/usr/include/pixman-1 -I/usr/include/freetype2 -I/usr/include/libpng12    -D_LARGEFILE_SOURCE -D_LARGEFILE64_SOURCE -D_FILE_OFFSET_BITS=64 -D_THREAD_SAFE -D_REENTRANT'
CYGPATH_W='echo'
DEFS='-DHAVE_CONFIG_H'
DEPDIR='.deps'
ECHO_C=''
ECHO_N='-n'
ECHO_T=''
EGREP='/bin/grep -E'
EXEEXT=''
FLTK_CONFIG='/usr/bin/fltk-config'
GREP='/bin/grep'
INSTALL_DATA='${INSTALL} -m 644'
INSTALL_PROGRAM='${INSTALL}'
INSTALL_SCRIPT='${INSTALL}'
INSTALL_STRIP_PROGRAM='$(install_sh) -c -s'
LDFLAGS=''
LIBOBJS=''
LIBS='-lXpm -lfreetype -lfontconfig -lfltk -ldl -lasound -lXrender -lXft -L/usr/lib/i386-linux-gnu -lfltk_images -lfltk -lasound -lXpm'
LTLIBOBJS=''
MAKEINFO='${SHELL} /home/holborn/cvs-stygmorgan/stygmorgan/missing --run makeinfo'
MKDIR_P='/bin/mkdir -p'
OBJEXT='o'
PACKAGE='stygmorgan'
PACKAGE_BUGREPORT='holborn@telefonica.net'
PACKAGE_NAME='stygmorgan'
PACKAGE_STRING='stygmorgan 0.29.1'
PACKAGE_TARNAME='stygmorgan'
PACKAGE_URL=''
PACKAGE_VERSION='0.29.1'
PATH_SEPARATOR=':'
SET_MAKE=''
SHELL='/bin/sh'
STRIP=''
VERSION='0.29.1'
ac_ct_CC='gcc'
ac_ct_CXX='g++'
am__fastdepCC_FALSE='#'
am__fastdepCC_TRUE=''
am__fastdepCXX_FALSE='#'
am__fastdepCXX_TRUE=''
am__include='include'
am__isrc=''
am__leading_dot='.'
am__quote=''
am__tar='${AMTAR} chof - "$$tardir"'
am__untar='${AMTAR} xf -'
bindir='${exec_prefix}/bin'
build_alias=''
datadir='${datarootdir}'
datarootdir='${prefix}/share'
docdir='${datarootdir}/doc/${PACKAGE_TARNAME}'
dvidir='${docdir}'
exec_prefix='${prefix}'
host_alias=''
htmldir='${docdir}'
includedir='${prefix}/include'
infodir='${datarootdir}/info'
install_sh='$(SHELL) /home/holborn/cvs-stygmorgan/stygmorgan/install-sh'
libdir='${exec_prefix}/lib'
libexecdir='${exec_prefix}/libexec'
localedir='${datarootdir}/locale'
localstatedir='${prefix}/var'
mandir='${datarootdir}/man'
mkdir_p='/bin/mkdir -p'
oldincludedir='/usr/include'
pdfdir='${docdir}'
prefix='/usr/local'
program_transform_name='s,x,x,'
psdir='${docdir}'
sbindir='${exec_prefix}/sbin'
sharedstatedir='${prefix}/com'
sysconfdir='${prefix}/etc'
target_alias=''

## ----------- ##
## confdefs.h. ##
## ----------- ##

/* confdefs.h */
#define PACKAGE_NAME "stygmorgan"
#define PACKAGE_TARNAME "stygmorgan"
#define PACKAGE_VERSION "0.29.1"
#define PACKAGE_STRING "stygmorgan 0.29.1"
#define PACKAGE_BUGREPORT "holborn@telefonica.net"
#define PACKAGE_URL ""
#define PACKAGE "stygmorgan"
#define VERSION "0.29.1"
#define STDC_HEADERS 1
#define HAVE_SYS_TYPES_H 1
#define HAVE_SYS_STAT_H 1
#define HAVE_STDLIB_H 1
#define HAVE_STRING_H 1
#define HAVE_MEMORY_H 1
#define HAVE_STRINGS_H 1
#define HAVE_INTTYPES_H 1
#define HAVE_STDINT_H 1
#define HAVE_UNISTD_H 1
#define HAVE_SYS_SELECT_H 1
#define HAVE_SYS_SOCKET_H 1
#define SELECT_TYPE_ARG1 int
#define SELECT_TYPE_ARG234 (fd_set *)
#define SELECT_TYPE_ARG5 (struct timeval *)
#define HAVE_BZERO 1
#define HAVE_MEMSET 1
#define HAVE_SELECT 1
#define HAVE_STRDUP 1
#define HAVE_STRSTR 1
#define HAVE_UNISTD_H 1
#define HAVE_LIBXFT 1
#define HAVE_LIBXRENDER 1
#define HAVE_LIBASOUND 1
#define HAVE_LIBDL 1
#define HAVE_LIBFLTK 1
#define HAVE_LIBFONTCONFIG 1
#define HAVE_LIBFREETYPE 1
#define HAVE_LIBXPM 1
#define DATADIR "/usr/local/share/stygmorgan"
#define HELPDIR "/usr/local/share/doc/stygmorgan"
#define WEBSITE "stygmorgan.berlios.de"

configure: exit 0
